El ID de mensaje no ha variado..!!!
WS del getme
id del bot = 
Name del bot = 
UserName del bot = 
WS del getupdates
Update_id del mensaje = 
ID del Message = 
First_Name = 
ID del usuario = 
ID del chat = 
date: fecha inválida «@»
Fecha del mensaje = 
Texto del mensaje = 
WS del getWebhookInfo
Pending_Update_Count = 
ID del Pending Update = 
WS del getme
id del bot =  517700779
Name del bot =  srvscm02
UserName del bot =  srvscm02bot
WS del getupdates
Update_id del mensaje =  949223928
ID del Message =  1467
First_Name =  Carlos Gomez G
ID del usuario =  294405920
ID del chat =  -284060763
Fecha del mensaje = jue jun  7 08:30:32 EDT 2018
Texto del mensaje =  /port_list
WS del getWebhookInfo
Pending_Update_Count = 2
ID del Pending Update = 949223928
Es port_list
El id_chat es -284060763, El script es port_list.sh y el argumento es 1 y el puerto es 1
{"ok":true,"result":{"message_id":1468,"from":{"id":517700779,"is_bot":true,"first_name":"srvscm02","username":"srvscm02bot"},"chat":{"id":-284060763,"title":"srvscm02_GROUPBot","type":"group","all_members_are_administrators":true},"date":1528374646,"text":"Espere, procesando comando:  /port_list 1","entities":[{"offset":29,"length":10,"type":"bot_command"}]}}{"ok":true,"result":{"message_id":1469,"from":{"id":517700779,"is_bot":true,"first_name":"srvscm02","username":"srvscm02bot"},"chat":{"id":-284060763,"title":"srvscm02_GROUPBot","type":"group","all_members_are_administrators":true},"date":1528374647,"text":"7021\n7022\n7023\n7041\n7050\n7051\n7053\n7054\n9080"}}El ID de mensaje no ha variado..!!!
WS del getme
id del bot = 
Name del bot = 
UserName del bot = 
WS del getupdates
Update_id del mensaje = 
ID del Message = 
First_Name = 
ID del usuario = 
ID del chat = 
date: fecha inválida «@»
Fecha del mensaje = 
Texto del mensaje = 
WS del getWebhookInfo
Pending_Update_Count = 
ID del Pending Update = 
El ID de mensaje no ha variado..!!!
WS del getme
id del bot = 
Name del bot = 
UserName del bot = 
WS del getupdates
Update_id del mensaje = 
ID del Message = 
First_Name = 
ID del usuario = 
ID del chat = 
date: fecha inválida «@»
Fecha del mensaje = 
Texto del mensaje = 
WS del getWebhookInfo
Pending_Update_Count = 
ID del Pending Update = 
El ID de mensaje no ha variado..!!!
WS del getme
id del bot = 
Name del bot = 
UserName del bot = 
WS del getupdates
Update_id del mensaje = 
ID del Message = 
First_Name = 
ID del usuario = 
ID del chat = 
date: fecha inválida «@»
Fecha del mensaje = 
Texto del mensaje = 
WS del getWebhookInfo
Pending_Update_Count = 
ID del Pending Update = 
El ID de mensaje no ha variado..!!!
WS del getme
id del bot = 
Name del bot = 
UserName del bot = 
WS del getupdates
Update_id del mensaje = 
ID del Message = 
First_Name = 
ID del usuario = 
ID del chat = 
date: fecha inválida «@»
Fecha del mensaje = 
Texto del mensaje = 
WS del getWebhookInfo
Pending_Update_Count = 
ID del Pending Update = 
El ID de mensaje no ha variado..!!!
WS del getme
id del bot = 
Name del bot = 
UserName del bot = 
WS del getupdates
Update_id del mensaje = 
ID del Message = 
First_Name = 
ID del usuario = 
ID del chat = 
date: fecha inválida «@»
Fecha del mensaje = 
Texto del mensaje = 
WS del getWebhookInfo
Pending_Update_Count = 
ID del Pending Update = 
El ID de mensaje no ha variado..!!!
WS del getme
id del bot = 
Name del bot = 
UserName del bot = 
WS del getupdates
Update_id del mensaje = 
ID del Message = 
First_Name = 
ID del usuario = 
ID del chat = 
date: fecha inválida «@»
Fecha del mensaje = 
Texto del mensaje = 
WS del getWebhookInfo
Pending_Update_Count = 
ID del Pending Update = 
El ID de mensaje no ha variado..!!!
WS del getme
id del bot = 
Name del bot = 
UserName del bot = 
WS del getupdates
Update_id del mensaje = 
ID del Message = 
First_Name = 
ID del usuario = 
ID del chat = 
date: fecha inválida «@»
Fecha del mensaje = 
Texto del mensaje = 
WS del getWebhookInfo
Pending_Update_Count = 
ID del Pending Update = 
El ID de mensaje no ha variado..!!!
WS del getme
id del bot = 
Name del bot = 
UserName del bot = 
WS del getupdates
Update_id del mensaje = 
ID del Message = 
First_Name = 
ID del usuario = 
ID del chat = 
date: fecha inválida «@»
Fecha del mensaje = 
Texto del mensaje = 
WS del getWebhookInfo
Pending_Update_Count = 
ID del Pending Update = 
El ID de mensaje no ha variado..!!!
WS del getme
id del bot = 
Name del bot = 
UserName del bot = 
WS del getupdates
Update_id del mensaje = 
ID del Message = 
First_Name = 
ID del usuario = 
ID del chat = 
date: fecha inválida «@»
Fecha del mensaje = 
Texto del mensaje = 
WS del getWebhookInfo
Pending_Update_Count = 
ID del Pending Update = 
El ID de mensaje no ha variado..!!!
WS del getme
id del bot = 
Name del bot = 
UserName del bot = 
WS del getupdates
Update_id del mensaje = 
ID del Message = 
First_Name = 
ID del usuario = 
ID del chat = 
date: fecha inválida «@»
Fecha del mensaje = 
Texto del mensaje = 
WS del getWebhookInfo
Pending_Update_Count = 
ID del Pending Update = 
El ID de mensaje no ha variado..!!!
WS del getme
id del bot = 
Name del bot = 
UserName del bot = 
WS del getupdates
Update_id del mensaje = 
ID del Message = 
First_Name = 
ID del usuario = 
ID del chat = 
date: fecha inválida «@»
Fecha del mensaje = 
Texto del mensaje = 
WS del getWebhookInfo
Pending_Update_Count = 
ID del Pending Update = 
El ID de mensaje no ha variado..!!!
WS del getme
id del bot = 
Name del bot = 
UserName del bot = 
WS del getupdates
Update_id del mensaje = 
ID del Message = 
First_Name = 
ID del usuario = 
ID del chat = 
date: fecha inválida «@»
Fecha del mensaje = 
Texto del mensaje = 
WS del getWebhookInfo
Pending_Update_Count = 
ID del Pending Update = 
El ID de mensaje no ha variado..!!!
WS del getme
id del bot = 
Name del bot = 
UserName del bot = 
WS del getupdates
Update_id del mensaje = 
ID del Message = 
First_Name = 
ID del usuario = 
ID del chat = 
date: fecha inválida «@»
Fecha del mensaje = 
Texto del mensaje = 
WS del getWebhookInfo
Pending_Update_Count = 
ID del Pending Update = 
El ID de mensaje no ha variado..!!!
WS del getme
id del bot = 
Name del bot = 
UserName del bot = 
WS del getupdates
Update_id del mensaje = 
ID del Message = 
First_Name = 
ID del usuario = 
ID del chat = 
date: fecha inválida «@»
Fecha del mensaje = 
Texto del mensaje = 
WS del getWebhookInfo
Pending_Update_Count = 
ID del Pending Update = 
El ID de mensaje no ha variado..!!!
WS del getme
id del bot = 
Name del bot = 
UserName del bot = 
WS del getupdates
Update_id del mensaje = 
ID del Message = 
First_Name = 
ID del usuario = 
ID del chat = 
date: fecha inválida «@»
Fecha del mensaje = 
Texto del mensaje = 
WS del getWebhookInfo
Pending_Update_Count = 
ID del Pending Update = 
El ID de mensaje no ha variado..!!!
WS del getme
id del bot = 
Name del bot = 
UserName del bot = 
WS del getupdates
Update_id del mensaje = 
ID del Message = 
First_Name = 
ID del usuario = 
ID del chat = 
date: fecha inválida «@»
Fecha del mensaje = 
Texto del mensaje = 
WS del getWebhookInfo
Pending_Update_Count = 
ID del Pending Update = 
El ID de mensaje no ha variado..!!!
WS del getme
id del bot = 
Name del bot = 
UserName del bot = 
WS del getupdates
Update_id del mensaje = 
ID del Message = 
First_Name = 
ID del usuario = 
ID del chat = 
date: fecha inválida «@»
Fecha del mensaje = 
Texto del mensaje = 
WS del getWebhookInfo
Pending_Update_Count = 
ID del Pending Update = 
El ID de mensaje no ha variado..!!!
WS del getme
id del bot = 
Name del bot = 
UserName del bot = 
WS del getupdates
Update_id del mensaje = 
ID del Message = 
First_Name = 
ID del usuario = 
ID del chat = 
date: fecha inválida «@»
Fecha del mensaje = 
Texto del mensaje = 
WS del getWebhookInfo
Pending_Update_Count = 
ID del Pending Update = 
El ID de mensaje no ha variado..!!!
WS del getme
id del bot = 
Name del bot = 
UserName del bot = 
WS del getupdates
Update_id del mensaje = 
ID del Message = 
First_Name = 
ID del usuario = 
ID del chat = 
date: fecha inválida «@»
Fecha del mensaje = 
Texto del mensaje = 
WS del getWebhookInfo
Pending_Update_Count = 
ID del Pending Update = 
El ID de mensaje no ha variado..!!!
WS del getme
id del bot = 
Name del bot = 
UserName del bot = 
WS del getupdates
Update_id del mensaje = 
ID del Message = 
First_Name = 
ID del usuario = 
ID del chat = 
date: fecha inválida «@»
Fecha del mensaje = 
Texto del mensaje = 
WS del getWebhookInfo
Pending_Update_Count = 
ID del Pending Update = 
El ID de mensaje no ha variado..!!!
WS del getme
id del bot = 
Name del bot = 
UserName del bot = 
WS del getupdates
Update_id del mensaje = 
ID del Message = 
First_Name = 
ID del usuario = 
ID del chat = 
date: fecha inválida «@»
Fecha del mensaje = 
Texto del mensaje = 
WS del getWebhookInfo
Pending_Update_Count = 
ID del Pending Update = 
El ID de mensaje no ha variado..!!!
WS del getme
id del bot = 
Name del bot = 
UserName del bot = 
WS del getupdates
Update_id del mensaje = 
ID del Message = 
First_Name = 
ID del usuario = 
ID del chat = 
date: fecha inválida «@»
Fecha del mensaje = 
Texto del mensaje = 
WS del getWebhookInfo
Pending_Update_Count = 
ID del Pending Update = 
El ID de mensaje no ha variado..!!!
WS del getme
id del bot = 
Name del bot = 
UserName del bot = 
WS del getupdates
Update_id del mensaje = 
ID del Message = 
First_Name = 
ID del usuario = 
ID del chat = 
date: fecha inválida «@»
Fecha del mensaje = 
Texto del mensaje = 
WS del getWebhookInfo
Pending_Update_Count = 
ID del Pending Update = 
El ID de mensaje no ha variado..!!!
WS del getme
id del bot = 
Name del bot = 
UserName del bot = 
WS del getupdates
Update_id del mensaje = 
ID del Message = 
First_Name = 
ID del usuario = 
ID del chat = 
date: fecha inválida «@»
Fecha del mensaje = 
Texto del mensaje = 
WS del getWebhookInfo
Pending_Update_Count = 
ID del Pending Update = 
El ID de mensaje no ha variado..!!!
WS del getme
id del bot = 
Name del bot = 
UserName del bot = 
WS del getupdates
Update_id del mensaje = 
ID del Message = 
First_Name = 
ID del usuario = 
ID del chat = 
date: fecha inválida «@»
Fecha del mensaje = 
Texto del mensaje = 
WS del getWebhookInfo
Pending_Update_Count = 
ID del Pending Update = 
El ID de mensaje no ha variado..!!!
WS del getme
id del bot = 
Name del bot = 
UserName del bot = 
WS del getupdates
Update_id del mensaje = 
ID del Message = 
First_Name = 
ID del usuario = 
ID del chat = 
date: fecha inválida «@»
Fecha del mensaje = 
Texto del mensaje = 
WS del getWebhookInfo
Pending_Update_Count = 
ID del Pending Update = 
